<?xml version="1.0" encoding="UTF-8"?>
<!-- Generated by org.testng.reporters.JUnitReportReporter -->
<testsuite skipped="0" hostname="DESKTOP-D8ETVI2" name="DeviceCommands.deviceCommands" tests="1" failures="0" timestamp="17 Apr 2020 19:53:22 GMT" time="46.752" errors="0">
  <testcase name="deviceComm" time="46.752" classname="DeviceCommands.deviceCommands"/>
</testsuite> <!-- DeviceCommands.deviceCommands -->
