<?xml version="1.0" encoding="UTF-8"?>
<!-- Generated by org.testng.reporters.JUnitReportReporter -->
<testsuite skipped="0" hostname="DESKTOP-D8ETVI2" name="Commands.AppiumCommands" tests="1" failures="0" timestamp="17 Apr 2020 18:39:19 GMT" time="51.500" errors="1">
  <testcase name="firstCommand" time="51.500" classname="Commands.AppiumCommands">
    <error type="org.openqa.selenium.WebDriverException" message="An unknown server-side error occurred while processing the command. Original error: Cannot start the &#039;appPackageName-of the app which needs to be opened&#039; application. Visit https://github.com/appium/appium/blob/master/docs/en/writing-running-appium/android/activity-startup.md for troubleshooting. Original error: Error executing adbExec. Original error: &#039;Command &#039;C:\\Users\\Medela\\AppData\\Local\\Android\\sdk\\platform-tools\\adb.exe -P 5037 -s RZ8M32HFY4N shell am start -W -n &#039;appPackageName-of the app which needs to be opened/appActivity;Determine appactivity by using driver.currentActivity()&#039; -S&#039; exited with code 1&#039;; Stderr: &#039;/system/bin/sh: syntax error: unexpected &#039;(&#039;&#039;; Code: &#039;1&#039;
Build info: version: &#039;3.141.59&#039;, revision: &#039;e82be7d358&#039;, time: &#039;2018-11-14T08:25:53&#039;
System info: host: &#039;DESKTOP-D8ETVI2&#039;, ip: &#039;192.168.1.9&#039;, os.name: &#039;Windows 10&#039;, os.arch: &#039;amd64&#039;, os.version: &#039;10.0&#039;, java.version: &#039;1.8.0_121&#039;
Driver info: io.appium.java_client.android.AndroidDriver
Capabilities {appActivity: com.mmt.travel.app.home.ui...., appPackage: com.makemytrip, databaseEnabled: false, desired: {appActivity: com.mmt.travel.app.home.ui...., appPackage: com.makemytrip, deviceName: RZ8M32HFY4N, fullReset: false, noReset: true, platformName: android, platformVersion: 10, udid: RZ8M32HFY4N}, deviceApiLevel: 29, deviceManufacturer: samsung, deviceModel: SM-G970F, deviceName: RZ8M32HFY4N, deviceScreenDensity: 480, deviceScreenSize: 1080x2280, deviceUDID: RZ8M32HFY4N, fullReset: false, javascriptEnabled: true, locationContextEnabled: false, networkConnectionEnabled: true, noReset: true, pixelRatio: 3, platform: LINUX, platformName: Android, platformVersion: 10, statBarHeight: 117, takesScreenshot: true, udid: RZ8M32HFY4N, viewportRect: {height: 2047, left: 0, top: 117, width: 1080}, warnings: {}, webStorageEnabled: false}
Session ID: 8c891b17-66b8-4cca-9bd6-24a74cf1e85a">
      <![CDATA[org.openqa.selenium.WebDriverException: An unknown server-side error occurred while processing the command. Original error: Cannot start the 'appPackageName-of the app which needs to be opened' application. Visit https://github.com/appium/appium/blob/master/docs/en/writing-running-appium/android/activity-startup.md for troubleshooting. Original error: Error executing adbExec. Original error: 'Command 'C:\\Users\\Medela\\AppData\\Local\\Android\\sdk\\platform-tools\\adb.exe -P 5037 -s RZ8M32HFY4N shell am start -W -n 'appPackageName-of the app which needs to be opened/appActivity;Determine appactivity by using driver.currentActivity()' -S' exited with code 1'; Stderr: '/system/bin/sh: syntax error: unexpected '(''; Code: '1'
Build info: version: '3.141.59', revision: 'e82be7d358', time: '2018-11-14T08:25:53'
System info: host: 'DESKTOP-D8ETVI2', ip: '192.168.1.9', os.name: 'Windows 10', os.arch: 'amd64', os.version: '10.0', java.version: '1.8.0_121'
Driver info: io.appium.java_client.android.AndroidDriver
Capabilities {appActivity: com.mmt.travel.app.home.ui...., appPackage: com.makemytrip, databaseEnabled: false, desired: {appActivity: com.mmt.travel.app.home.ui...., appPackage: com.makemytrip, deviceName: RZ8M32HFY4N, fullReset: false, noReset: true, platformName: android, platformVersion: 10, udid: RZ8M32HFY4N}, deviceApiLevel: 29, deviceManufacturer: samsung, deviceModel: SM-G970F, deviceName: RZ8M32HFY4N, deviceScreenDensity: 480, deviceScreenSize: 1080x2280, deviceUDID: RZ8M32HFY4N, fullReset: false, javascriptEnabled: true, locationContextEnabled: false, networkConnectionEnabled: true, noReset: true, pixelRatio: 3, platform: LINUX, platformName: Android, platformVersion: 10, statBarHeight: 117, takesScreenshot: true, udid: RZ8M32HFY4N, viewportRect: {height: 2047, left: 0, top: 117, width: 1080}, warnings: {}, webStorageEnabled: false}
Session ID: 8c891b17-66b8-4cca-9bd6-24a74cf1e85a
at sun.reflect.NativeConstructorAccessorImpl.newInstance0(Native Method)
at sun.reflect.NativeConstructorAccessorImpl.newInstance(Unknown Source)
at sun.reflect.DelegatingConstructorAccessorImpl.newInstance(Unknown Source)
at java.lang.reflect.Constructor.newInstance(Unknown Source)
at org.openqa.selenium.remote.http.W3CHttpResponseCodec.createException(W3CHttpResponseCodec.java:187)
at org.openqa.selenium.remote.http.W3CHttpResponseCodec.decode(W3CHttpResponseCodec.java:122)
at org.openqa.selenium.remote.http.W3CHttpResponseCodec.decode(W3CHttpResponseCodec.java:49)
at org.openqa.selenium.remote.HttpCommandExecutor.execute(HttpCommandExecutor.java:158)
at io.appium.java_client.remote.AppiumCommandExecutor.execute(AppiumCommandExecutor.java:239)
at org.openqa.selenium.remote.RemoteWebDriver.execute(RemoteWebDriver.java:552)
at io.appium.java_client.DefaultGenericMobileDriver.execute(DefaultGenericMobileDriver.java:41)
at io.appium.java_client.AppiumDriver.execute(AppiumDriver.java:1)
at io.appium.java_client.android.AndroidDriver.execute(AndroidDriver.java:1)
at io.appium.java_client.CommandExecutionHelper.execute(CommandExecutionHelper.java:27)
at io.appium.java_client.android.StartsActivity.startActivity(StartsActivity.java:45)
at Commands.AppiumCommands.firstCommand(AppiumCommands.java:37)
at sun.reflect.NativeMethodAccessorImpl.invoke0(Native Method)
at sun.reflect.NativeMethodAccessorImpl.invoke(Unknown Source)
at sun.reflect.DelegatingMethodAccessorImpl.invoke(Unknown Source)
at java.lang.reflect.Method.invoke(Unknown Source)
at org.testng.internal.MethodInvocationHelper.invokeMethod(MethodInvocationHelper.java:124)
at org.testng.internal.Invoker.invokeMethod(Invoker.java:580)
at org.testng.internal.Invoker.invokeTestMethod(Invoker.java:716)
at org.testng.internal.Invoker.invokeTestMethods(Invoker.java:988)
at org.testng.internal.TestMethodWorker.invokeTestMethods(TestMethodWorker.java:125)
at org.testng.internal.TestMethodWorker.run(TestMethodWorker.java:109)
at org.testng.TestRunner.privateRun(TestRunner.java:648)
at org.testng.TestRunner.run(TestRunner.java:505)
at org.testng.SuiteRunner.runTest(SuiteRunner.java:455)
at org.testng.SuiteRunner.runSequentially(SuiteRunner.java:450)
at org.testng.SuiteRunner.privateRun(SuiteRunner.java:415)
at org.testng.SuiteRunner.run(SuiteRunner.java:364)
at org.testng.SuiteRunnerWorker.runSuite(SuiteRunnerWorker.java:52)
at org.testng.SuiteRunnerWorker.run(SuiteRunnerWorker.java:84)
at org.testng.TestNG.runSuitesSequentially(TestNG.java:1208)
at org.testng.TestNG.runSuitesLocally(TestNG.java:1137)
at org.testng.TestNG.runSuites(TestNG.java:1049)
at org.testng.TestNG.run(TestNG.java:1017)
at org.testng.remote.AbstractRemoteTestNG.run(AbstractRemoteTestNG.java:114)
at org.testng.remote.RemoteTestNG.initAndRun(RemoteTestNG.java:251)
at org.testng.remote.RemoteTestNG.main(RemoteTestNG.java:77)
]]>
    </error>
  </testcase> <!-- firstCommand -->
</testsuite> <!-- Commands.AppiumCommands -->
